# JRE version: Java(TM) SE Runtime Environment (8.0_201-b09) (build 1.8.0_201-b09)
# Java VM: Java HotSpot(TM) 64-Bit Server VM (25.201-b09 mixed mode windows-amd64 compressed oops)
Heap:
 PSYoungGen      total 211968K, used 96488K [0x000000076b380000, 0x0000000778f80000, 0x00000007c0000000)
  eden space 198656K, 41% used [0x000000076b380000,0x00000007704bc578,0x0000000777580000)
  from space 13312K, 99% used [0x0000000777580000,0x000000077827dca8,0x0000000778280000)
  to   space 12800K, 0% used [0x0000000778300000,0x0000000778300000,0x0000000778f80000)
 ParOldGen       total 153600K, used 15365K [0x00000006c1a00000, 0x00000006cb000000, 0x000000076b380000)
  object space 153600K, 10% used [0x00000006c1a00000,0x00000006c29015b8,0x00000006cb000000)
 Metaspace       used 55339K, capacity 58380K, committed 58624K, reserved 1099776K
  class space    used 7663K, capacity 8184K, committed 8192K, reserved 1048576K
GC Heap History (10 events):
Event: 2.661 GC heap before
{Heap before GC invocations=5 (full 1):
 PSYoungGen      total 141824K, used 6922K [0x000000076b380000, 0x0000000774880000, 0x00000007c0000000)
  eden space 131072K, 0% used [0x000000076b380000,0x000000076b380000,0x0000000773380000)
  from space 10752K, 64% used [0x0000000773e00000,0x00000007744c2a08,0x0000000774880000)
  to   space 10752K, 0% used [0x0000000773380000,0x0000000773380000,0x0000000773e00000)
 ParOldGen       total 175104K, used 24K [0x00000006c1a00000, 0x00000006cc500000, 0x000000076b380000)
  object space 175104K, 0% used [0x00000006c1a00000,0x00000006c1a06000,0x00000006cc500000)
 Metaspace       used 20271K, capacity 21154K, committed 21296K, reserved 1067008K
  class space    used 2642K, capacity 2857K, committed 2944K, reserved 1048576K
Event: 2.728 GC heap after
Heap after GC invocations=5 (full 1):
 PSYoungGen      total 141824K, used 0K [0x000000076b380000, 0x0000000774880000, 0x00000007c0000000)
  eden space 131072K, 0% used [0x000000076b380000,0x000000076b380000,0x0000000773380000)
  from space 10752K, 0% used [0x0000000773e00000,0x0000000773e00000,0x0000000774880000)
  to   space 10752K, 0% used [0x0000000773380000,0x0000000773380000,0x0000000773e00000)
 ParOldGen       total 101888K, used 6719K [0x00000006c1a00000, 0x00000006c7d80000, 0x000000076b380000)
  object space 101888K, 6% used [0x00000006c1a00000,0x00000006c208fcb0,0x00000006c7d80000)
 Metaspace       used 20271K, capacity 21154K, committed 21296K, reserved 1067008K
  class space    used 2642K, capacity 2857K, committed 2944K, reserved 1048576K
}
Event: 5.554 GC heap before
{Heap before GC invocations=6 (full 1):
 PSYoungGen      total 141824K, used 131072K [0x000000076b380000, 0x0000000774880000, 0x00000007c0000000)
  eden space 131072K, 100% used [0x000000076b380000,0x0000000773380000,0x0000000773380000)
  from space 10752K, 0% used [0x0000000773e00000,0x0000000773e00000,0x0000000774880000)
  to   space 10752K, 0% used [0x0000000773380000,0x0000000773380000,0x0000000773e00000)
 ParOldGen       total 101888K, used 6719K [0x00000006c1a00000, 0x00000006c7d80000, 0x000000076b380000)
  object space 101888K, 6% used [0x00000006c1a00000,0x00000006c208fcb0,0x00000006c7d80000)
 Metaspace       used 30946K, capacity 32924K, committed 33280K, reserved 1077248K
  class space    used 4153K, capacity 4499K, committed 4608K, reserved 1048576K
Event: 5.581 GC heap after
Heap after GC invocations=6 (full 1):
 PSYoungGen      total 141824K, used 10750K [0x000000076b380000, 0x0000000779080000, 0x00000007c0000000)
  eden space 131072K, 0% used [0x000000076b380000,0x000000076b380000,0x0000000773380000)
  from space 10752K, 99% used [0x0000000773380000,0x0000000773dffaa0,0x0000000773e00000)
  to   space 13824K, 0% used [0x0000000778300000,0x0000000778300000,0x0000000779080000)
 ParOldGen       total 101888K, used 10198K [0x00000006c1a00000, 0x00000006c7d80000, 0x000000076b380000)
  object space 101888K, 10% used [0x00000006c1a00000,0x00000006c23f5828,0x00000006c7d80000)
 Metaspace       used 30946K, capacity 32924K, committed 33280K, reserved 1077248K
  class space    used 4153K, capacity 4499K, committed 4608K, reserved 1048576K
}
Event: 6.086 GC heap before
{Heap before GC invocations=7 (full 1):
 PSYoungGen      total 141824K, used 23883K [0x000000076b380000, 0x0000000779080000, 0x00000007c0000000)
  eden space 131072K, 10% used [0x000000076b380000,0x000000076c0534f0,0x0000000773380000)
  from space 10752K, 99% used [0x0000000773380000,0x0000000773dffaa0,0x0000000773e00000)
  to   space 13824K, 0% used [0x0000000778300000,0x0000000778300000,0x0000000779080000)
 ParOldGen       total 101888K, used 10198K [0x00000006c1a00000, 0x00000006c7d80000, 0x000000076b380000)
  object space 101888K, 10% used [0x00000006c1a00000,0x00000006c23f5828,0x00000006c7d80000)
 Metaspace       used 33365K, capacity 35316K, committed 35496K, reserved 1079296K
  class space    used 4415K, capacity 4759K, committed 4864K, reserved 1048576K
Event: 6.099 GC heap after
Heap after GC invocations=7 (full 1):
 PSYoungGen      total 211456K, used 7381K [0x000000076b380000, 0x0000000778f80000, 0x00000007c0000000)
  eden space 198656K, 0% used [0x000000076b380000,0x000000076b380000,0x0000000777580000)
  from space 12800K, 57% used [0x0000000778300000,0x0000000778a354f0,0x0000000778f80000)
  to   space 13312K, 0% used [0x0000000777580000,0x0000000777580000,0x0000000778280000)
 ParOldGen       total 101888K, used 10206K [0x00000006c1a00000, 0x00000006c7d80000, 0x000000076b380000)
  object space 101888K, 10% used [0x00000006c1a00000,0x00000006c23f7828,0x00000006c7d80000)
 Metaspace       used 33365K, capacity 35316K, committed 35496K, reserved 1079296K
  class space    used 4415K, capacity 4759K, committed 4864K, reserved 1048576K
}
Event: 6.099 GC heap before
{Heap before GC invocations=8 (full 2):
 PSYoungGen      total 211456K, used 7381K [0x000000076b380000, 0x0000000778f80000, 0x00000007c0000000)
  eden space 198656K, 0% used [0x000000076b380000,0x000000076b380000,0x0000000777580000)
  from space 12800K, 57% used [0x0000000778300000,0x0000000778a354f0,0x0000000778f80000)
  to   space 13312K, 0% used [0x0000000777580000,0x0000000777580000,0x0000000778280000)
 ParOldGen       total 101888K, used 10206K [0x00000006c1a00000, 0x00000006c7d80000, 0x000000076b380000)
  object space 101888K, 10% used [0x00000006c1a00000,0x00000006c23f7828,0x00000006c7d80000)
 Metaspace       used 33365K, capacity 35316K, committed 35496K, reserved 1079296K
  class space    used 4415K, capacity 4759K, committed 4864K, reserved 1048576K
Event: 6.166 GC heap after
Heap after GC invocations=8 (full 2):
 PSYoungGen      total 211456K, used 0K [0x000000076b380000, 0x0000000778f80000, 0x00000007c0000000)
  eden space 198656K, 0% used [0x000000076b380000,0x000000076b380000,0x0000000777580000)
  from space 12800K, 0% used [0x0000000778300000,0x0000000778300000,0x0000000778f80000)
  to   space 13312K, 0% used [0x0000000777580000,0x0000000777580000,0x0000000778280000)
 ParOldGen       total 153600K, used 12160K [0x00000006c1a00000, 0x00000006cb000000, 0x000000076b380000)
  object space 153600K, 7% used [0x00000006c1a00000,0x00000006c25e03e8,0x00000006cb000000)
 Metaspace       used 33365K, capacity 35316K, committed 35496K, reserved 1079296K
  class space    used 4415K, capacity 4759K, committed 4864K, reserved 1048576K
}
Event: 9.096 GC heap before
{Heap before GC invocations=9 (full 2):
 PSYoungGen      total 211456K, used 198656K [0x000000076b380000, 0x0000000778f80000, 0x00000007c0000000)
  eden space 198656K, 100% used [0x000000076b380000,0x0000000777580000,0x0000000777580000)
  from space 12800K, 0% used [0x0000000778300000,0x0000000778300000,0x0000000778f80000)
  to   space 13312K, 0% used [0x0000000777580000,0x0000000777580000,0x0000000778280000)
 ParOldGen       total 153600K, used 12160K [0x00000006c1a00000, 0x00000006cb000000, 0x000000076b380000)
  object space 153600K, 7% used [0x00000006c1a00000,0x00000006c25e03e8,0x00000006cb000000)
 Metaspace       used 47229K, capacity 49676K, committed 49920K, reserved 1091584K
  class space    used 6392K, capacity 6826K, committed 6912K, reserved 1048576K
Event: 9.117 GC heap after
Heap after GC invocations=9 (full 2):
 PSYoungGen      total 211968K, used 13303K [0x000000076b380000, 0x0000000778f80000, 0x00000007c0000000)
  eden space 198656K, 0% used [0x000000076b380000,0x000000076b380000,0x0000000777580000)
  from space 13312K, 99% used [0x0000000777580000,0x000000077827dca8,0x0000000778280000)
  to   space 12800K, 0% used [0x0000000778300000,0x0000000778300000,0x0000000778f80000)
 ParOldGen       total 153600K, used 15365K [0x00000006c1a00000, 0x00000006cb000000, 0x000000076b380000)
  object space 153600K, 10% used [0x00000006c1a00000,0x00000006c29015b8,0x00000006cb000000)
 Metaspace       used 47229K, capacity 49676K, committed 49920K, reserved 1091584K
  class space    used 6392K, capacity 6826K, committed 6912K, reserved 1048576K
}

